Flow report for TubesSisdig
Wed Jan 15 01:25:21 2025
Quartus Prime Version 23.1std.1 Build 993 05/14/2024 SC Lite Edition


---------------------
; Table of Contents ;
---------------------
  1. Legal Notice
  2. Flow Summary
  3. Flow Settings
  4. Flow Non-Default Global Settings
  5. Flow Elapsed Time
  6. Flow OS Summary
  7. Flow Log
  8. Flow Messages
  9. Flow Suppressed Messages



----------------
; Legal Notice ;
----------------
Copyright (C) 2024  Intel Corporation. All rights reserved.
Your use of Intel Corporation's design tools, logic functions 
and other software and tools, and any partner logic 
functions, and any output files from any of the foregoing 
(including device programming or simulation files), and any 
associated documentation or information are expressly subject 
to the terms and conditions of the Intel Program License 
Subscription Agreement, the Intel Quartus Prime License Agreement,
the Intel FPGA IP License Agreement, or other applicable license
agreement, including, without limitation, that your use is for
the sole purpose of programming logic devices manufactured by
Intel and sold by Intel or its authorized distributors.  Please
refer to the applicable agreement for further details, at
https://fpgasoftware.intel.com/eula.



+-------------------------------------------------------------------------------------+
; Flow Summary                                                                        ;
+------------------------------------+------------------------------------------------+
; Flow Status                        ; Successful - Wed Jan 15 01:25:21 2025          ;
; Quartus Prime Version              ; 23.1std.1 Build 993 05/14/2024 SC Lite Edition ;
; Revision Name                      ; TubesSisdig                                    ;
; Top-level Entity Name              ; main                                           ;
; Family                             ; Cyclone IV E                                   ;
; Device                             ; EP4CE6E22C8                                    ;
; Timing Models                      ; Final                                          ;
; Total logic elements               ; 2,573 / 6,272 ( 41 % )                         ;
;     Total combinational functions  ; 1,768 / 6,272 ( 28 % )                         ;
;     Dedicated logic registers      ; 1,834 / 6,272 ( 29 % )                         ;
; Total registers                    ; 1834                                           ;
; Total pins                         ; 50 / 92 ( 54 % )                               ;
; Total virtual pins                 ; 0                                              ;
; Total memory bits                  ; 1,536 / 276,480 ( < 1 % )                      ;
; Embedded Multiplier 9-bit elements ; 0 / 30 ( 0 % )                                 ;
; Total PLLs                         ; 0 / 2 ( 0 % )                                  ;
+------------------------------------+------------------------------------------------+


+-----------------------------------------+
; Flow Settings                           ;
+-------------------+---------------------+
; Option            ; Setting             ;
+-------------------+---------------------+
; Start date & time ; 01/15/2025 01:24:57 ;
; Main task         ; Compilation         ;
; Revision Name     ; TubesSisdig         ;
+-------------------+---------------------+


+-----------------------------------------------------------------------------------------------------------------------------------------------------------------+
; Flow Non-Default Global Settings                                                                                                                                ;
+-------------------------------------+---------------------------------------------------------+---------------+-------------+-----------------------------------+
; Assignment Name                     ; Value                                                   ; Default Value ; Entity Name ; Section Id                        ;
+-------------------------------------+---------------------------------------------------------+---------------+-------------+-----------------------------------+
; COMPILER_SIGNATURE_ID               ; 118902021082314.173687909715060                         ; --            ; --          ; --                                ;
; EDA_GENERATE_FUNCTIONAL_NETLIST     ; Off                                                     ; --            ; --          ; eda_board_design_timing           ;
; EDA_GENERATE_FUNCTIONAL_NETLIST     ; Off                                                     ; --            ; --          ; eda_timing_analysis               ;
; EDA_GENERATE_FUNCTIONAL_NETLIST     ; Off                                                     ; --            ; --          ; eda_board_design_boundary_scan    ;
; EDA_GENERATE_FUNCTIONAL_NETLIST     ; Off                                                     ; --            ; --          ; eda_board_design_signal_integrity ;
; EDA_GENERATE_FUNCTIONAL_NETLIST     ; Off                                                     ; --            ; --          ; eda_formal_verification           ;
; EDA_GENERATE_FUNCTIONAL_NETLIST     ; Off                                                     ; --            ; --          ; eda_board_design_symbol           ;
; EDA_OUTPUT_DATA_FORMAT              ; Vhdl                                                    ; --            ; --          ; eda_simulation                    ;
; EDA_SIMULATION_TOOL                 ; Questa Intel FPGA (VHDL)                                ; <None>        ; --          ; --                                ;
; EDA_TIME_SCALE                      ; 1 ps                                                    ; --            ; --          ; eda_simulation                    ;
; MAX_CORE_JUNCTION_TEMP              ; 85                                                      ; --            ; --          ; --                                ;
; MIN_CORE_JUNCTION_TEMP              ; 0                                                       ; --            ; --          ; --                                ;
; MISC_FILE                           ; PLL25/synthesis/../PLL25.cmp                            ; --            ; --          ; --                                ;
; MISC_FILE                           ; PLL25/synthesis/../../PLL25.qsys                        ; --            ; --          ; --                                ;
; MISC_FILE                           ; ram_inst.vhd                                            ; --            ; --          ; --                                ;
; MISC_FILE                           ; ram.cmp                                                 ; --            ; --          ; --                                ;
; NOMINAL_CORE_SUPPLY_VOLTAGE         ; 1.2V                                                    ; --            ; --          ; --                                ;
; OUTPUT_IO_TIMING_FAR_END_VMEAS      ; Half Signal Swing                                       ; --            ; --          ; --                                ;
; OUTPUT_IO_TIMING_FAR_END_VMEAS      ; Half Signal Swing                                       ; --            ; --          ; --                                ;
; OUTPUT_IO_TIMING_NEAR_END_VMEAS     ; Half Vccio                                              ; --            ; --          ; --                                ;
; OUTPUT_IO_TIMING_NEAR_END_VMEAS     ; Half Vccio                                              ; --            ; --          ; --                                ;
; PARTITION_COLOR                     ; -- (Not supported for targeted family)                  ; --            ; main        ; Top                               ;
; PARTITION_FITTER_PRESERVATION_LEVEL ; -- (Not supported for targeted family)                  ; --            ; main        ; Top                               ;
; PARTITION_NETLIST_TYPE              ; -- (Not supported for targeted family)                  ; --            ; main        ; Top                               ;
; POWER_BOARD_THERMAL_MODEL           ; None (CONSERVATIVE)                                     ; --            ; --          ; --                                ;
; POWER_PRESET_COOLING_SOLUTION       ; 23 MM HEAT SINK WITH 200 LFPM AIRFLOW                   ; --            ; --          ; --                                ;
; PROJECT_OUTPUT_DIRECTORY            ; output_files                                            ; --            ; --          ; --                                ;
; SLD_FILE                            ; PLL25/synthesis/PLL25.debuginfo                         ; --            ; --          ; --                                ;
; SLD_INFO                            ; QSYS_NAME PLL25 HAS_SOPCINFO 1 GENERATION_ID 1736242277 ; --            ; PLL25       ; --                                ;
; SOPCINFO_FILE                       ; PLL25/synthesis/../../PLL25.sopcinfo                    ; --            ; --          ; --                                ;
; SYNTHESIS_ONLY_QIP                  ; On                                                      ; --            ; --          ; --                                ;
; TOP_LEVEL_ENTITY                    ; main                                                    ; TubesSisdig   ; --          ; --                                ;
+-------------------------------------+---------------------------------------------------------+---------------+-------------+-----------------------------------+


+--------------------------------------------------------------------------------------------------------------------------+
; Flow Elapsed Time                                                                                                        ;
+----------------------+--------------+-------------------------+---------------------+------------------------------------+
; Module Name          ; Elapsed Time ; Average Processors Used ; Peak Virtual Memory ; Total CPU Time (on all processors) ;
+----------------------+--------------+-------------------------+---------------------+------------------------------------+
; Analysis & Synthesis ; 00:00:08     ; 1.0                     ; 4891 MB             ; 00:00:08                           ;
; Fitter               ; 00:00:10     ; 1.3                     ; 6337 MB             ; 00:00:07                           ;
; Assembler            ; 00:00:01     ; 1.0                     ; 4706 MB             ; 00:00:00                           ;
; Timing Analyzer      ; 00:00:02     ; 1.6                     ; 4921 MB             ; 00:00:01                           ;
; EDA Netlist Writer   ; 00:00:00     ; 1.0                     ; 4660 MB             ; 00:00:00                           ;
; Total                ; 00:00:21     ; --                      ; --                  ; 00:00:16                           ;
+----------------------+--------------+-------------------------+---------------------+------------------------------------+


+------------------------------------------------------------------------------------+
; Flow OS Summary                                                                    ;
+----------------------+------------------+------------+------------+----------------+
; Module Name          ; Machine Hostname ; OS Name    ; OS Version ; Processor type ;
+----------------------+------------------+------------+------------+----------------+
; Analysis & Synthesis ; Riko             ; Windows 10 ; 10.0       ; x86_64         ;
; Fitter               ; Riko             ; Windows 10 ; 10.0       ; x86_64         ;
; Assembler            ; Riko             ; Windows 10 ; 10.0       ; x86_64         ;
; Timing Analyzer      ; Riko             ; Windows 10 ; 10.0       ; x86_64         ;
; EDA Netlist Writer   ; Riko             ; Windows 10 ; 10.0       ; x86_64         ;
+----------------------+------------------+------------+------------+----------------+


------------
; Flow Log ;
------------
quartus_map --read_settings_files=on --write_settings_files=off TubesSisdig -c TubesSisdig
quartus_fit --read_settings_files=off --write_settings_files=off TubesSisdig -c TubesSisdig
quartus_asm --read_settings_files=off --write_settings_files=off TubesSisdig -c TubesSisdig
quartus_sta TubesSisdig -c TubesSisdig
quartus_eda --read_settings_files=off --write_settings_files=off TubesSisdig -c TubesSisdig



